<?xml version="1.0" encoding="UTF-8"?>
<testsuite xmlns:xsi="http://www.w3.org/2001/XMLSchema-instance" xsi:noNamespaceSchemaLocation="https://maven.apache.org/surefire/maven-surefire-plugin/xsd/surefire-test-report-3.0.xsd" version="3.0" name="algorithms.HeapSortTest" time="0.111" tests="5" errors="0" skipped="0" failures="0">
  <properties>
    <property name="java.specification.version" value="24"/>
    <property name="sun.cpu.isalist" value="amd64"/>
    <property name="sun.jnu.encoding" value="Cp1251"/>
    <property name="java.class.path" value="C:\Users\Inayatulla\source\Sofware Desing Patterns\assignment-2-Heap-Sort\target\test-classes;C:\Users\Inayatulla\source\Sofware Desing Patterns\assignment-2-Heap-Sort\target\classes;C:\Users\Inayatulla\.m2\repository\junit\junit\4.13.2\junit-4.13.2.jar;C:\Users\Inayatulla\.m2\repository\org\hamcrest\hamcrest-core\1.3\hamcrest-core-1.3.jar;"/>
    <property name="java.vm.vendor" value="Oracle Corporation"/>
    <property name="sun.arch.data.model" value="64"/>
    <property name="user.variant" value=""/>
    <property name="java.vendor.url" value="https://java.oracle.com/"/>
    <property name="user.timezone" value="Asia/Qyzylorda"/>
    <property name="os.name" value="Windows 11"/>
    <property name="java.vm.specification.version" value="24"/>
    <property name="user.country" value="RU"/>
    <property name="sun.java.launcher" value="SUN_STANDARD"/>
    <property name="sun.boot.library.path" value="C:\Users\Inayatulla\.jdks\openjdk-24.0.2+12-54\bin"/>
    <property name="sun.java.command" value="C:\Users\Inayatulla\AppData\Local\Temp\surefire14938734114154813059\surefirebooter-20251003230526693_3.jar C:\Users\Inayatulla\AppData\Local\Temp\surefire14938734114154813059 2025-10-03T23-05-26_268-jvmRun1 surefire-20251003230526693_1tmp surefire_0-20251003230526693_2tmp"/>
    <property name="jdk.debug" value="release"/>
    <property name="surefire.test.class.path" value="C:\Users\Inayatulla\source\Sofware Desing Patterns\assignment-2-Heap-Sort\target\test-classes;C:\Users\Inayatulla\source\Sofware Desing Patterns\assignment-2-Heap-Sort\target\classes;C:\Users\Inayatulla\.m2\repository\junit\junit\4.13.2\junit-4.13.2.jar;C:\Users\Inayatulla\.m2\repository\org\hamcrest\hamcrest-core\1.3\hamcrest-core-1.3.jar;"/>
    <property name="sun.cpu.endian" value="little"/>
    <property name="user.home" value="C:\Users\Inayatulla"/>
    <property name="user.language" value="ru"/>
    <property name="java.specification.vendor" value="Oracle Corporation"/>
    <property name="java.version.date" value="2025-07-15"/>
    <property name="java.home" value="C:\Users\Inayatulla\.jdks\openjdk-24.0.2+12-54"/>
    <property name="file.separator" value="\"/>
    <property name="basedir" value="C:\Users\Inayatulla\source\Sofware Desing Patterns\assignment-2-Heap-Sort"/>
    <property name="style.color" value="always"/>
    <property name="java.vm.compressedOopsMode" value="Zero based"/>
    <property name="line.separator" value="&#10;"/>
    <property name="java.vm.specification.vendor" value="Oracle Corporation"/>
    <property name="java.specification.name" value="Java Platform API Specification"/>
    <property name="surefire.real.class.path" value="C:\Users\Inayatulla\AppData\Local\Temp\surefire14938734114154813059\surefirebooter-20251003230526693_3.jar"/>
    <property name="user.script" value=""/>
    <property name="sun.management.compiler" value="HotSpot 64-Bit Tiered Compilers"/>
    <property name="java.runtime.version" value="24.0.2+12-54"/>
    <property name="user.name" value="Inayatulla"/>
    <property name="stdout.encoding" value="Cp1251"/>
    <property name="path.separator" value=";"/>
    <property name="os.version" value="10.0"/>
    <property name="java.runtime.name" value="OpenJDK Runtime Environment"/>
    <property name="file.encoding" value="UTF-8"/>
    <property name="java.vm.name" value="OpenJDK 64-Bit Server VM"/>
    <property name="maven.ext.class.path" value="C:\Program Files\JetBrains\IntelliJ IDEA 2025.2.1\plugins\maven\lib\maven-event-listener.jar"/>
    <property name="localRepository" value="C:\Users\Inayatulla\.m2\repository"/>
    <property name="java.vendor.url.bug" value="https://bugreport.java.com/bugreport/"/>
    <property name="java.io.tmpdir" value="C:\Users\INAYAT~1\AppData\Local\Temp\"/>
    <property name="idea.version" value="2025.2.2"/>
    <property name="java.version" value="24.0.2"/>
    <property name="user.dir" value="C:\Users\Inayatulla\source\Sofware Desing Patterns\assignment-2-Heap-Sort"/>
    <property name="os.arch" value="amd64"/>
    <property name="jansi.passthrough" value="true"/>
    <property name="java.vm.specification.name" value="Java Virtual Machine Specification"/>
    <property name="sun.os.patch.level" value=""/>
    <property name="native.encoding" value="Cp1251"/>
    <property name="java.library.path" value="C:\Users\Inayatulla\.jdks\openjdk-24.0.2+12-54\bin;C:\WINDOWS\Sun\Java\bin;C:\WINDOWS\system32;C:\WINDOWS;C:\Program Files (x86)\Common Files\Oracle\Java\javapath;C:\WINDOWS\system32;C:\WINDOWS;C:\WINDOWS\System32\Wbem;C:\WINDOWS\System32\WindowsPowerShell\v1.0\;C:\WINDOWS\System32\OpenSSH\;C:\Program Files\Git\cmd;C:\Users\Inayatulla\AppData\Local\Programs\Python\Launcher\;C:\Users\Inayatulla\AppData\Local\Microsoft\WindowsApps;C:\Users\Inayatulla\AppData\Local\Programs\Microsoft VS Code\bin;C:\Program Files\JetBrains\IntelliJ IDEA 2025.2.1\bin;C:\Users\Inayatulla\AppData\Roaming\Programs\Zero Install;."/>
    <property name="java.vm.info" value="mixed mode, sharing"/>
    <property name="stderr.encoding" value="Cp1251"/>
    <property name="java.vendor" value="Oracle Corporation"/>
    <property name="java.vm.version" value="24.0.2+12-54"/>
    <property name="sun.io.unicode.encoding" value="UnicodeLittle"/>
    <property name="maven.repo.local" value="C:\Users\Inayatulla\.m2\repository"/>
    <property name="java.class.version" value="68.0"/>
  </properties>
  <testcase name="testSingleElement" classname="algorithms.HeapSortTest" time="0.01"/>
  <testcase name="testEmptyArray" classname="algorithms.HeapSortTest" time="0.0"/>
  <testcase name="testRandomArray" classname="algorithms.HeapSortTest" time="0.0"/>
  <testcase name="testReverseArray" classname="algorithms.HeapSortTest" time="0.0"/>
  <testcase name="testSortedArray" classname="algorithms.HeapSortTest" time="0.0"/>
</testsuite>